<?xml version="1.0" encoding="UTF-8"?>
<!-- Generated by org.testng.reporters.JUnitXMLReporter -->
<testsuite ignored="0" hostname="DESKTOP-2BSC6FJ" failures="0" tests="7" name="Test" time="45.736" errors="0" timestamp="2023-09-09T14:23:17 IST">
  <testcase classname="Testcases.Testcase_4" name="signup" time="9.99"/>
  <testcase classname="Testcases.Testcase_5" name="testcase5" time="6.447"/>
  <testcase classname="Testcases.Testcase_2" name="signup" time="5.914"/>
  <testcase classname="Testcases.Testcase_3" name="signup" time="5.943"/>
  <testcase classname="Testcases.Testcase_1" name="signup" time="5.846"/>
  <testcase classname="Testcases.Testcase_6" name="testcase6" time="5.924"/>
  <testcase classname="Testcases.Testcase_7" name="testcase7" time="5.581"/>
</testsuite> <!-- Test -->
