<?xml version="1.0" encoding="UTF-8"?>
<testng-results ignored="0" total="1" passed="1" failed="0" skipped="0">
  <reporter-output>
  </reporter-output>
  <suite started-at="2023-09-07T18:00:44 IST" name="Default suite" finished-at="2023-09-07T18:00:52 IST" duration-ms="7775">
    <groups>
    </groups>
    <test started-at="2023-09-07T18:00:44 IST" name="Default test" finished-at="2023-09-07T18:00:52 IST" duration-ms="7775">
      <class name="Testcases.Testcase_5">
        <test-method signature="testcase5()[pri:0, instance:Testcases.Testcase_5@47eaca72]" started-at="2023-09-07T18:00:44 IST" name="testcase5" finished-at="2023-09-07T18:00:52 IST" duration-ms="7712" status="PASS">
          <reporter-output>
          </reporter-output>
        </test-method> <!-- testcase5 -->
      </class> <!-- Testcases.Testcase_5 -->
    </test> <!-- Default test -->
  </suite> <!-- Default suite -->
</testng-results>
