<?xml version="1.0" encoding="UTF-8"?>
<testng-results ignored="0" total="1" passed="1" failed="0" skipped="0">
  <reporter-output>
  </reporter-output>
  <suite started-at="2023-09-08T00:19:52 IST" name="Default suite" finished-at="2023-09-08T00:20:03 IST" duration-ms="10991">
    <groups>
    </groups>
    <test started-at="2023-09-08T00:19:52 IST" name="Default test" finished-at="2023-09-08T00:20:03 IST" duration-ms="10991">
      <class name="Testcases.Testcase_7">
        <test-method signature="testcase7()[pri:0, instance:Testcases.Testcase_7@235834f2]" started-at="2023-09-08T00:19:52 IST" name="testcase7" finished-at="2023-09-08T00:20:03 IST" duration-ms="10884" status="PASS">
          <reporter-output>
          </reporter-output>
        </test-method> <!-- testcase7 -->
      </class> <!-- Testcases.Testcase_7 -->
    </test> <!-- Default test -->
  </suite> <!-- Default suite -->
</testng-results>
